2025-09-25 16:53:11,459 - werkzeug - WARNING -  * Debugger is active!
2025-09-25 16:53:11,466 - werkzeug - INFO -  * Debugger PIN: 120-781-130
2025-09-25 16:53:11,492 - werkzeug - WARNING -  * Debugger is active!
2025-09-25 16:53:11,498 - werkzeug - INFO -  * Debugger PIN: 120-781-130
2025-09-25 16:53:28,584 - werkzeug - INFO -  * Detected change in 'D:\\code\\shadow1834\\app.py', reloading
2025-09-25 16:53:28,613 - werkzeug - INFO -  * Detected change in 'D:\\code\\shadow1834\\app.py', reloading
2025-09-25 16:53:29,399 - __main__ - INFO - Database initialized successfully
2025-09-25 16:53:29,400 - __main__ - INFO - Database initialized successfully
2025-09-25 16:53:29,425 - werkzeug - WARNING -  * Debugger is active!
2025-09-25 16:53:29,426 - werkzeug - WARNING -  * Debugger is active!
2025-09-25 16:53:29,432 - werkzeug - INFO -  * Debugger PIN: 120-781-130
2025-09-25 16:53:29,434 - werkzeug - INFO -  * Debugger PIN: 120-781-130
2025-09-25 16:53:39,518 - werkzeug - INFO -  * Detected change in 'D:\\code\\shadow1834\\app.py', reloading
2025-09-25 16:53:39,518 - werkzeug - INFO -  * Detected change in 'D:\\code\\shadow1834\\app.py', reloading
2025-09-25 16:53:40,387 - __main__ - INFO - Database initialized successfully
2025-09-25 16:53:40,409 - __main__ - INFO - Database initialized successfully
2025-09-25 16:53:40,417 - werkzeug - WARNING -  * Debugger is active!
2025-09-25 16:53:40,424 - werkzeug - INFO -  * Debugger PIN: 120-781-130
2025-09-25 16:53:40,436 - werkzeug - WARNING -  * Debugger is active!
2025-09-25 16:53:40,443 - werkzeug - INFO -  * Debugger PIN: 120-781-130
2025-09-25 16:53:50,526 - werkzeug - INFO -  * Detected change in 'D:\\code\\shadow1834\\app.py', reloading
2025-09-25 16:53:50,533 - werkzeug - INFO -  * Detected change in 'D:\\code\\shadow1834\\app.py', reloading
2025-09-25 16:53:51,131 - __main__ - INFO - Database initialized successfully
2025-09-25 16:53:51,132 - __main__ - INFO - Database initialized successfully
2025-09-25 16:53:51,158 - werkzeug - WARNING -  * Debugger is active!
2025-09-25 16:53:51,163 - werkzeug - INFO -  * Debugger PIN: 120-781-130
2025-09-25 16:53:51,165 - werkzeug - INFO -  * Debugger PIN: 120-781-130
2025-09-25 16:54:01,282 - werkzeug - INFO -  * Detected change in 'D:\\code\\shadow1834\\app.py', reloading
2025-09-25 16:54:01,296 - werkzeug - INFO -  * Detected change in 'D:\\code\\shadow1834\\app.py', reloading
2025-09-25 16:54:02,082 - __main__ - INFO - Database initialized successfully
2025-09-25 16:54:02,093 - __main__ - INFO - Database initialized successfully
2025-09-25 16:54:02,112 - werkzeug - WARNING -  * Debugger is active!
2025-09-25 16:54:02,120 - werkzeug - INFO -  * Debugger PIN: 120-781-130
2025-09-25 16:54:02,125 - werkzeug - WARNING -  * Debugger is active!
2025-09-25 16:54:02,134 - werkzeug - INFO -  * Debugger PIN: 120-781-130
2025-09-25 16:54:12,333 - werkzeug - INFO -  * Detected change in 'D:\\code\\shadow1834\\app.py', reloading
2025-09-25 16:54:12,334 - werkzeug - INFO -  * Detected change in 'D:\\code\\shadow1834\\app.py', reloading
2025-09-25 16:54:13,209 - __main__ - INFO - Database initialized successfully
2025-09-25 16:54:13,212 - __main__ - INFO - Database initialized successfully
2025-09-25 16:54:13,238 - werkzeug - WARNING -  * Debugger is active!
2025-09-25 16:54:13,239 - werkzeug - WARNING -  * Debugger is active!
2025-09-25 16:54:13,244 - werkzeug - INFO -  * Debugger PIN: 120-781-130
2025-09-25 16:54:13,244 - werkzeug - INFO -  * Debugger PIN: 120-781-130
2025-09-25 16:57:17,271 - werkzeug - INFO -  * Detected change in 'D:\\code\\shadow1834\\syntax_check.py', reloading
2025-09-25 16:57:17,299 - werkzeug - INFO -  * Detected change in 'D:\\code\\shadow1834\\syntax_check.py', reloading
2025-09-25 16:57:18,149 - __main__ - INFO - Database initialized successfully
2025-09-25 16:57:18,173 - werkzeug - WARNING -  * Debugger is active!
2025-09-25 16:57:18,181 - werkzeug - INFO -  * Debugger PIN: 120-781-130
2025-09-25 16:57:18,213 - __main__ - INFO - Database initialized successfully
2025-09-25 16:57:18,234 - werkzeug - WARNING -  * Debugger is active!
2025-09-25 16:57:18,240 - werkzeug - INFO -  * Debugger PIN: 120-781-130
2025-09-25 16:57:38,329 - werkzeug - INFO -  * Detected change in 'D:\\code\\shadow1834\\syntax_check.py', reloading
2025-09-25 16:57:38,362 - werkzeug - INFO -  * Detected change in 'D:\\code\\shadow1834\\syntax_check.py', reloading
2025-09-25 16:57:38,927 - __main__ - INFO - Database initialized successfully
2025-09-25 16:57:38,927 - __main__ - INFO - Database initialized successfully
2025-09-25 16:57:38,958 - werkzeug - WARNING -  * Debugger is active!
2025-09-25 16:57:38,958 - werkzeug - WARNING -  * Debugger is active!
2025-09-25 16:57:38,964 - werkzeug - INFO -  * Debugger PIN: 120-781-130
2025-09-25 16:57:49,043 - werkzeug - INFO -  * Detected change in 'D:\\code\\shadow1834\\syntax_check.py', reloading
2025-09-25 16:57:49,044 - werkzeug - INFO -  * Detected change in 'D:\\code\\shadow1834\\syntax_check.py', reloading
2025-09-25 16:57:49,629 - __main__ - INFO - Database initialized successfully
2025-09-25 16:57:49,645 - __main__ - INFO - Database initialized successfully
2025-09-25 16:57:49,653 - werkzeug - WARNING -  * Debugger is active!
2025-09-25 16:57:49,658 - werkzeug - INFO -  * Debugger PIN: 120-781-130
2025-09-25 16:57:49,669 - werkzeug - WARNING -  * Debugger is active!
2025-09-25 16:57:49,673 - werkzeug - INFO -  * Debugger PIN: 120-781-130
2025-09-25 17:12:21,925 - __main__ - INFO - Database initialized successfully
2025-09-25 17:12:21,976 - werkzeug - INFO - [31m[1mWARNING: This is a development server. Do not use it in a production deployment. Use a production WSGI server instead.[0m
 * Running on all addresses (0.0.0.0)
 * Running on http://127.0.0.1:5000
 * Running on http://172.22.196.145:5000
2025-09-25 17:12:21,977 - werkzeug - INFO - [33mPress CTRL+C to quit[0m
2025-09-25 17:12:21,978 - werkzeug - INFO -  * Restarting with stat
2025-09-25 17:12:22,404 - __main__ - INFO - Database initialized successfully
2025-09-25 17:12:22,423 - werkzeug - WARNING -  * Debugger is active!
2025-09-25 17:12:22,427 - werkzeug - INFO -  * Debugger PIN: 120-781-130
2025-09-25 17:16:03,235 - __main__ - INFO - Database initialized successfully
2025-09-25 17:16:03,278 - werkzeug - INFO - [31m[1mWARNING: This is a development server. Do not use it in a production deployment. Use a production WSGI server instead.[0m
 * Running on all addresses (0.0.0.0)
 * Running on http://127.0.0.1:5000
 * Running on http://172.22.196.145:5000
2025-09-25 17:16:03,278 - werkzeug - INFO - [33mPress CTRL+C to quit[0m
2025-09-25 17:16:03,279 - werkzeug - INFO -  * Restarting with stat
2025-09-25 17:16:03,580 - __main__ - INFO - Database initialized successfully
2025-09-25 17:16:03,598 - werkzeug - WARNING -  * Debugger is active!
2025-09-25 17:16:03,601 - werkzeug - INFO -  * Debugger PIN: 120-781-130
2025-09-26 09:32:14,090 - werkzeug - INFO -  * Detected change in 'D:\\code\\shadow1834\\analyze_html.py', reloading
2025-09-26 09:32:14,104 - werkzeug - INFO -  * Detected change in 'D:\\code\\shadow1834\\analyze_html.py', reloading
2025-09-26 09:32:14,667 - __main__ - INFO - Database initialized successfully
2025-09-26 09:32:14,686 - __main__ - INFO - Database initialized successfully
2025-09-26 09:32:14,689 - werkzeug - WARNING -  * Debugger is active!
2025-09-26 09:32:14,692 - werkzeug - INFO -  * Debugger PIN: 120-781-130
2025-09-26 09:32:14,701 - werkzeug - WARNING -  * Debugger is active!
2025-09-26 09:32:14,705 - werkzeug - INFO -  * Debugger PIN: 120-781-130
2025-09-26 09:32:33,832 - werkzeug - INFO -  * Detected change in 'D:\\code\\shadow1834\\analyze_html.py', reloading
2025-09-26 09:32:33,834 - werkzeug - INFO -  * Detected change in 'D:\\code\\shadow1834\\analyze_html.py', reloading
2025-09-26 09:32:34,180 - __main__ - INFO - Database initialized successfully
2025-09-26 09:32:34,183 - __main__ - INFO - Database initialized successfully
2025-09-26 09:32:34,196 - werkzeug - WARNING -  * Debugger is active!
2025-09-26 09:32:34,198 - werkzeug - WARNING -  * Debugger is active!
2025-09-26 09:32:34,200 - werkzeug - INFO -  * Debugger PIN: 120-781-130
2025-09-26 09:32:34,201 - werkzeug - INFO -  * Debugger PIN: 120-781-130
2025-09-26 09:35:10,716 - werkzeug - INFO -  * Detected change in 'D:\\code\\shadow1834\\detailed_analysis.py', reloading
2025-09-26 09:35:10,716 - werkzeug - INFO -  * Detected change in 'D:\\code\\shadow1834\\detailed_analysis.py', reloading
2025-09-26 09:35:11,218 - __main__ - INFO - Database initialized successfully
2025-09-26 09:35:11,226 - __main__ - INFO - Database initialized successfully
2025-09-26 09:35:11,232 - werkzeug - WARNING -  * Debugger is active!
2025-09-26 09:35:11,235 - werkzeug - INFO -  * Debugger PIN: 120-781-130
2025-09-26 09:35:11,240 - werkzeug - WARNING -  * Debugger is active!
2025-09-26 09:35:11,245 - werkzeug - INFO -  * Debugger PIN: 120-781-130
2025-09-26 09:35:45,363 - werkzeug - INFO -  * Detected change in 'D:\\code\\shadow1834\\final_check.py', reloading
2025-09-26 09:35:45,371 - werkzeug - INFO -  * Detected change in 'D:\\code\\shadow1834\\final_check.py', reloading
2025-09-26 09:35:45,813 - __main__ - INFO - Database initialized successfully
2025-09-26 09:35:45,828 - __main__ - INFO - Database initialized successfully
2025-09-26 09:35:45,828 - werkzeug - WARNING -  * Debugger is active!
2025-09-26 09:35:45,833 - werkzeug - INFO -  * Debugger PIN: 120-781-130
2025-09-26 09:35:45,844 - werkzeug - WARNING -  * Debugger is active!
2025-09-26 09:35:45,847 - werkzeug - INFO -  * Debugger PIN: 120-781-130
2025-09-26 09:36:03,900 - werkzeug - INFO -  * Detected change in 'D:\\code\\shadow1834\\final_check.py', reloading
2025-09-26 09:36:03,914 - werkzeug - INFO -  * Detected change in 'D:\\code\\shadow1834\\final_check.py', reloading
2025-09-26 09:36:04,200 - __main__ - INFO - Database initialized successfully
2025-09-26 09:36:04,203 - __main__ - INFO - Database initialized successfully
2025-09-26 09:36:04,215 - werkzeug - WARNING -  * Debugger is active!
2025-09-26 09:36:04,216 - werkzeug - WARNING -  * Debugger is active!
2025-09-26 09:36:04,218 - werkzeug - INFO -  * Debugger PIN: 120-781-130
2025-09-26 09:36:04,219 - werkzeug - INFO -  * Debugger PIN: 120-781-130
2025-09-26 09:41:18,605 - __main__ - INFO - Database initialized successfully
2025-09-26 09:41:18,642 - werkzeug - INFO - [31m[1mWARNING: This is a development server. Do not use it in a production deployment. Use a production WSGI server instead.[0m
 * Running on all addresses (0.0.0.0)
 * Running on http://127.0.0.1:5000
 * Running on http://172.22.196.145:5000
2025-09-26 09:41:18,642 - werkzeug - INFO - [33mPress CTRL+C to quit[0m
2025-09-26 09:41:18,643 - werkzeug - INFO -  * Restarting with stat
2025-09-26 09:41:18,854 - __main__ - INFO - Database initialized successfully
2025-09-26 09:41:18,865 - werkzeug - WARNING -  * Debugger is active!
2025-09-26 09:41:18,868 - werkzeug - INFO -  * Debugger PIN: 120-781-130
2025-09-26 10:05:46,855 - __main__ - INFO - Database initialized successfully
2025-09-26 10:05:46,887 - werkzeug - INFO - [31m[1mWARNING: This is a development server. Do not use it in a production deployment. Use a production WSGI server instead.[0m
 * Running on all addresses (0.0.0.0)
 * Running on http://127.0.0.1:5000
 * Running on http://10.5.30.194:5000
2025-09-26 10:05:46,887 - werkzeug - INFO - [33mPress CTRL+C to quit[0m
2025-09-26 10:05:46,889 - werkzeug - INFO -  * Restarting with stat
2025-09-26 10:05:47,697 - __main__ - INFO - Database initialized successfully
2025-09-26 10:05:47,707 - werkzeug - WARNING -  * Debugger is active!
2025-09-26 10:05:47,713 - werkzeug - INFO -  * Debugger PIN: 120-781-130
2025-09-26 10:25:22,838 - __main__ - INFO - Database initialized successfully
2025-09-26 10:25:22,884 - werkzeug - INFO - [31m[1mWARNING: This is a development server. Do not use it in a production deployment. Use a production WSGI server instead.[0m
 * Running on all addresses (0.0.0.0)
 * Running on http://127.0.0.1:5000
 * Running on http://10.5.30.194:5000
2025-09-26 10:25:22,884 - werkzeug - INFO - [33mPress CTRL+C to quit[0m
2025-09-26 10:25:22,886 - werkzeug - INFO -  * Restarting with stat
2025-09-26 10:25:23,174 - __main__ - INFO - Database initialized successfully
2025-09-26 10:25:23,190 - werkzeug - WARNING -  * Debugger is active!
2025-09-26 10:25:23,195 - werkzeug - INFO -  * Debugger PIN: 120-781-130
2025-09-26 10:32:17,984 - __main__ - INFO - Database initialized successfully
2025-09-26 10:32:18,024 - werkzeug - INFO - [31m[1mWARNING: This is a development server. Do not use it in a production deployment. Use a production WSGI server instead.[0m
 * Running on all addresses (0.0.0.0)
 * Running on http://127.0.0.1:5000
 * Running on http://10.5.30.194:5000
2025-09-26 10:32:18,025 - werkzeug - INFO - [33mPress CTRL+C to quit[0m
2025-09-26 10:32:18,026 - werkzeug - INFO -  * Restarting with stat
2025-09-26 10:32:18,344 - __main__ - INFO - Database initialized successfully
2025-09-26 10:32:18,361 - werkzeug - WARNING -  * Debugger is active!
2025-09-26 10:32:18,366 - werkzeug - INFO -  * Debugger PIN: 120-781-130
2025-09-26 10:32:25,605 - __main__ - INFO - Database initialized successfully
2025-09-26 10:32:25,639 - werkzeug - INFO - [31m[1mWARNING: This is a development server. Do not use it in a production deployment. Use a production WSGI server instead.[0m
 * Running on all addresses (0.0.0.0)
 * Running on http://127.0.0.1:5000
 * Running on http://10.5.30.194:5000
2025-09-26 10:32:25,639 - werkzeug - INFO - [33mPress CTRL+C to quit[0m
2025-09-26 10:32:25,641 - werkzeug - INFO -  * Restarting with stat
2025-09-26 10:32:25,948 - __main__ - INFO - Database initialized successfully
2025-09-26 10:32:25,965 - werkzeug - WARNING -  * Debugger is active!
2025-09-26 10:32:25,968 - werkzeug - INFO -  * Debugger PIN: 120-781-130
2025-09-26 10:47:36,937 - werkzeug - INFO -  * Detected change in 'D:\\code\\shadow1834\\test_app.py', reloading
2025-09-26 10:47:36,938 - werkzeug - INFO -  * Detected change in 'D:\\code\\shadow1834\\test_app.py', reloading
2025-09-26 10:47:37,359 - __main__ - INFO - Database initialized successfully
2025-09-26 10:47:37,360 - __main__ - INFO - Database initialized successfully
2025-09-26 10:47:37,370 - werkzeug - INFO -  * Detected change in 'd:\\code\\shadow1834\\test_app.py', reloading
2025-09-26 10:47:37,375 - werkzeug - WARNING -  * Debugger is active!
2025-09-26 10:47:37,379 - werkzeug - INFO -  * Debugger PIN: 120-781-130
2025-09-26 10:47:37,379 - werkzeug - INFO -  * Debugger PIN: 120-781-130
2025-09-26 10:47:37,411 - werkzeug - INFO -  * Restarting with stat
2025-09-26 10:47:37,766 - __main__ - INFO - Database initialized successfully
2025-09-26 10:47:37,788 - werkzeug - WARNING -  * Debugger is active!
2025-09-26 10:47:37,793 - werkzeug - INFO -  * Debugger PIN: 120-781-130
2025-09-26 11:02:29,110 - __main__ - INFO - Database initialized successfully
2025-09-26 11:02:29,133 - werkzeug - INFO - [31m[1mWARNING: This is a development server. Do not use it in a production deployment. Use a production WSGI server instead.[0m
 * Running on all addresses (0.0.0.0)
 * Running on http://127.0.0.1:5000
 * Running on http://10.5.30.194:5000
2025-09-26 11:02:29,134 - werkzeug - INFO - [33mPress CTRL+C to quit[0m
2025-09-26 11:02:29,135 - werkzeug - INFO -  * Restarting with stat
2025-09-26 11:02:29,998 - __main__ - INFO - Database initialized successfully
2025-09-26 11:02:30,009 - werkzeug - WARNING -  * Debugger is active!
2025-09-26 11:02:30,015 - werkzeug - INFO -  * Debugger PIN: 120-781-130
2025-09-26 11:11:46,139 - werkzeug - INFO -  * Detected change in 'D:\\code\\shadow1834\\app.py', reloading
2025-09-26 11:11:46,158 - werkzeug - INFO -  * Detected change in 'D:\\code\\shadow1834\\app.py', reloading
2025-09-26 11:11:46,227 - werkzeug - INFO -  * Detected change in 'd:\\code\\shadow1834\\app.py', reloading
2025-09-26 11:11:46,334 - werkzeug - INFO -  * Restarting with stat
